Nothing in rebinned section for sodankyla_full file 0's beam 3.
Nothing in rebinned section for sodankyla_full file 0's beam 4.
Nothing in rebinned section for sodankyla_full file 0's beam 5.
Nothing in rebinned section for sodankyla_full file 0's beam 6.
31
32
32
Nothing in rebinned section for sodankyla_full file 1's beam 1.
Nothing in rebinned section for sodankyla_full file 1's beam 2.
56
30
131
2
131
Nothing in rebinned section for sodankyla_full file 2's beam 2.
Nothing in rebinned section for sodankyla_full file 2's beam 3.
Nothing in rebinned section for sodankyla_full file 2's beam 4.
Nothing in rebinned section for sodankyla_full file 2's beam 5.
Nothing in rebinned section for sodankyla_full file 2's beam 6.
159
159
Nothing in rebinned section for sodankyla_full file 3's beam 5.
Nothing in rebinned section for sodankyla_full file 3's beam 6.
15
6
5
18
18
Nothing in rebinned section for sodankyla_full file 4's beam 1.
Nothing in rebinned section for sodankyla_full file 4's beam 2.
Nothing in rebinned section for sodankyla_full file 4's beam 3.
Nothing in rebinned section for sodankyla_full file 4's beam 4.
41
19
41
Nothing in rebinned section for sodankyla_full file 5's beam 1.
Nothing in rebinned section for sodankyla_full file 5's beam 2.
Nothing in rebinned section for sodankyla_full file 5's beam 3.
Nothing in rebinned section for sodankyla_full file 5's beam 4.
163
58
163
Nothing in rebinned section for sodankyla_full file 6's beam 3.
Nothing in rebinned section for sodankyla_full file 6's beam 4.
Nothing in rebinned section for sodankyla_full file 6's beam 5.
Nothing in rebinned section for sodankyla_full file 6's beam 6.
5
5
40
1
36
10
6
5
40
Nothing in rebinned section for sodankyla_full file 8's beam 1.
Nothing in rebinned section for sodankyla_full file 8's beam 2.
75
52
133
76
133
Nothing in rebinned section for sodankyla_full file 9's beam 1.
Nothing in rebinned section for sodankyla_full file 9's beam 2.
Nothing in rebinned section for sodankyla_full file 9's beam 3.
Nothing in rebinned section for sodankyla_full file 9's beam 4.
Nothing in rebinned section for sodankyla_full file 9's beam 5.
Nothing in rebinned section for sodankyla_full file 9's beam 6.
../data_store/data/sodankyla_full/ 9
Nothing in rebinned section for sodankyla_full file 10's beam 1.
Nothing in rebinned section for sodankyla_full file 10's beam 2.
3
4
4
Nothing in rebinned section for sodankyla_full file 11's beam 1.
Nothing in rebinned section for sodankyla_full file 11's beam 2.
19
32
5
32
Nothing in rebinned section for sodankyla_full file 12's beam 5.
Nothing in rebinned section for sodankyla_full file 12's beam 6.
7
1
6
5
7
Nothing in rebinned section for sodankyla_full file 13's beam 1.
Nothing in rebinned section for sodankyla_full file 13's beam 2.
Nothing in rebinned section for sodankyla_full file 13's beam 3.
Nothing in rebinned section for sodankyla_full file 13's beam 4.
215
136
215
Nothing in rebinned section for sodankyla_full file 14's beam 1.
Nothing in rebinned section for sodankyla_full file 14's beam 2.
Nothing in rebinned section for sodankyla_full file 14's beam 3.
Nothing in rebinned section for sodankyla_full file 14's beam 4.
Nothing in rebinned section for sodankyla_full file 14's beam 5.
Nothing in rebinned section for sodankyla_full file 14's beam 6.
../data_store/data/sodankyla_full/ 14
Nothing in rebinned section for sodankyla_full file 15's beam 2.
Nothing in rebinned section for sodankyla_full file 15's beam 3.
Nothing in rebinned section for sodankyla_full file 15's beam 5.
Nothing in rebinned section for sodankyla_full file 15's beam 6.
../data_store/data/sodankyla_full/ 15
Nothing in rebinned section for sodankyla_full file 16's beam 1.
Nothing in rebinned section for sodankyla_full file 16's beam 2.
Nothing in rebinned section for sodankyla_full file 16's beam 3.
Nothing in rebinned section for sodankyla_full file 16's beam 4.
217
122
217
Nothing in rebinned section for sodankyla_full file 17's beam 1.
Nothing in rebinned section for sodankyla_full file 17's beam 2.
37
12
80
12
80
Nothing in rebinned section for sodankyla_full file 18's beam 1.
Nothing in rebinned section for sodankyla_full file 18's beam 2.
Nothing in rebinned section for sodankyla_full file 18's beam 3.
Nothing in rebinned section for sodankyla_full file 18's beam 4.
Nothing in rebinned section for sodankyla_full file 18's beam 5.
Nothing in rebinned section for sodankyla_full file 18's beam 6.
../data_store/data/sodankyla_full/ 18
86
77
65
41
4
86
Nothing in rebinned section for sodankyla_full file 20's beam 3.
Nothing in rebinned section for sodankyla_full file 20's beam 4.
Nothing in rebinned section for sodankyla_full file 20's beam 5.
Nothing in rebinned section for sodankyla_full file 20's beam 6.
216
157
216
Nothing in rebinned section for sodankyla_full file 21's beam 1.
Nothing in rebinned section for sodankyla_full file 21's beam 2.
34
6
80
32
80
Nothing in rebinned section for sodankyla_full file 22's beam 3.
Nothing in rebinned section for sodankyla_full file 22's beam 4.
Nothing in rebinned section for sodankyla_full file 22's beam 5.
Nothing in rebinned section for sodankyla_full file 22's beam 6.
22
1
22
Nothing in rebinned section for sodankyla_full file 23's beam 3.
Nothing in rebinned section for sodankyla_full file 23's beam 4.
Nothing in rebinned section for sodankyla_full file 23's beam 5.
Nothing in rebinned section for sodankyla_full file 23's beam 6.
213
124
213
Nothing in rebinned section for sodankyla_full file 24's beam 1.
Nothing in rebinned section for sodankyla_full file 24's beam 2.
Nothing in rebinned section for sodankyla_full file 24's beam 3.
Nothing in rebinned section for sodankyla_full file 24's beam 4.
158
59
158
Nothing in rebinned section for sodankyla_full file 25's beam 3.
Nothing in rebinned section for sodankyla_full file 25's beam 4.
Nothing in rebinned section for sodankyla_full file 25's beam 5.
Nothing in rebinned section for sodankyla_full file 25's beam 6.
12
4
12
140
134
193
163
36
55
193
Nothing in rebinned section for sodankyla_full file 27's beam 1.
Nothing in rebinned section for sodankyla_full file 27's beam 2.
Nothing in rebinned section for sodankyla_full file 27's beam 3.
Nothing in rebinned section for sodankyla_full file 27's beam 4.
85
48
85
Nothing in rebinned section for sodankyla_full file 28's beam 1.
Nothing in rebinned section for sodankyla_full file 28's beam 2.
Nothing in rebinned section for sodankyla_full file 28's beam 3.
Nothing in rebinned section for sodankyla_full file 28's beam 4.
65
50
65
Nothing in rebinned section for sodankyla_full file 29's beam 1.
Nothing in rebinned section for sodankyla_full file 29's beam 2.
85
27
55
2
85
Nothing in rebinned section for sodankyla_full file 30's beam 1.
Nothing in rebinned section for sodankyla_full file 30's beam 2.
Nothing in rebinned section for sodankyla_full file 30's beam 3.
Nothing in rebinned section for sodankyla_full file 30's beam 4.
51
6
51
Nothing in rebinned section for sodankyla_full file 31's beam 3.
Nothing in rebinned section for sodankyla_full file 31's beam 4.
Nothing in rebinned section for sodankyla_full file 31's beam 5.
Nothing in rebinned section for sodankyla_full file 31's beam 6.
../data_store/data/sodankyla_full/ 31
Nothing in rebinned section for sodankyla_full file 32's beam 3.
Nothing in rebinned section for sodankyla_full file 32's beam 4.
Nothing in rebinned section for sodankyla_full file 32's beam 5.
Nothing in rebinned section for sodankyla_full file 32's beam 6.
../data_store/data/sodankyla_full/ 32
Nothing in rebinned section for sodankyla_full file 33's beam 1.
Nothing in rebinned section for sodankyla_full file 33's beam 2.
Nothing in rebinned section for sodankyla_full file 33's beam 3.
Nothing in rebinned section for sodankyla_full file 33's beam 4.
172
123
172
Nothing in rebinned section for sodankyla_full file 34's beam 3.
Nothing in rebinned section for sodankyla_full file 34's beam 4.
Nothing in rebinned section for sodankyla_full file 34's beam 5.
Nothing in rebinned section for sodankyla_full file 34's beam 6.
161
87
161
Nothing in rebinned section for sodankyla_full file 35's beam 3.
Nothing in rebinned section for sodankyla_full file 35's beam 4.
Nothing in rebinned section for sodankyla_full file 35's beam 5.
Nothing in rebinned section for sodankyla_full file 35's beam 6.
53
15
53
Nothing in rebinned section for sodankyla_full file 36's beam 1.
Nothing in rebinned section for sodankyla_full file 36's beam 2.
Nothing in rebinned section for sodankyla_full file 36's beam 4.
Nothing in rebinned section for sodankyla_full file 36's beam 5.
Nothing in rebinned section for sodankyla_full file 36's beam 6.
../data_store/data/sodankyla_full/ 36
Nothing in rebinned section for sodankyla_full file 37's beam 1.
Nothing in rebinned section for sodankyla_full file 37's beam 2.
Nothing in rebinned section for sodankyla_full file 37's beam 3.
Nothing in rebinned section for sodankyla_full file 37's beam 4.
Nothing in rebinned section for sodankyla_full file 37's beam 5.
Nothing in rebinned section for sodankyla_full file 37's beam 6.
../data_store/data/sodankyla_full/ 37
Nothing in rebinned section for sodankyla_full file 38's beam 1.
Nothing in rebinned section for sodankyla_full file 38's beam 2.
Nothing in rebinned section for sodankyla_full file 38's beam 5.
Nothing in rebinned section for sodankyla_full file 38's beam 6.
11
11
Nothing in rebinned section for sodankyla_full file 39's beam 1.
Nothing in rebinned section for sodankyla_full file 39's beam 2.
Nothing in rebinned section for sodankyla_full file 39's beam 3.
Nothing in rebinned section for sodankyla_full file 39's beam 4.
38
16
38
Nothing in rebinned section for sodankyla_full file 40's beam 1.
Nothing in rebinned section for sodankyla_full file 40's beam 2.
Nothing in rebinned section for sodankyla_full file 40's beam 3.
Nothing in rebinned section for sodankyla_full file 40's beam 4.
Nothing in rebinned section for sodankyla_full file 40's beam 5.
Nothing in rebinned section for sodankyla_full file 40's beam 6.
../data_store/data/sodankyla_full/ 40
Nothing in rebinned section for sodankyla_full file 41's beam 1.
Nothing in rebinned section for sodankyla_full file 41's beam 2.
Nothing in rebinned section for sodankyla_full file 41's beam 3.
Nothing in rebinned section for sodankyla_full file 41's beam 4.
Nothing in rebinned section for sodankyla_full file 41's beam 5.
Nothing in rebinned section for sodankyla_full file 41's beam 6.
../data_store/data/sodankyla_full/ 41
Nothing in rebinned section for sodankyla_full file 42's beam 1.
Nothing in rebinned section for sodankyla_full file 42's beam 2.
38
8
91
67
91
Nothing in rebinned section for sodankyla_full file 43's beam 3.
Nothing in rebinned section for sodankyla_full file 43's beam 4.
Nothing in rebinned section for sodankyla_full file 43's beam 5.
Nothing in rebinned section for sodankyla_full file 43's beam 6.
104
109
109
127
84
122
74
73
53
127
81
52
57
33
96
70
96
113
88
118
74
185
127
185
Nothing in rebinned section for sodankyla_full file 47's beam 3.
Nothing in rebinned section for sodankyla_full file 47's beam 5.
Nothing in rebinned section for sodankyla_full file 47's beam 6.
../data_store/data/sodankyla_full/ 47
Nothing in rebinned section for sodankyla_full file 48's beam 1.
Nothing in rebinned section for sodankyla_full file 48's beam 2.
68
12
123
5
123
Time elapsed: 4196.75 seconds (iteration 48)
Nothing in rebinned section for delta_junction file 0's beam 3.
Nothing in rebinned section for delta_junction file 0's beam 4.
Nothing in rebinned section for delta_junction file 0's beam 5.
Nothing in rebinned section for delta_junction file 0's beam 6.
40
14
40
Nothing in rebinned section for delta_junction file 1's beam 5.
Nothing in rebinned section for delta_junction file 1's beam 6.
51
21
27
16
51
Nothing in rebinned section for delta_junction file 2's beam 1.
Nothing in rebinned section for delta_junction file 2's beam 2.
47
9
123
14
123
Nothing in rebinned section for delta_junction file 3's beam 1.
Nothing in rebinned section for delta_junction file 3's beam 2.
111
29
23
20
111
Nothing in rebinned section for delta_junction file 4's beam 1.
Nothing in rebinned section for delta_junction file 4's beam 2.
Nothing in rebinned section for delta_junction file 4's beam 3.
Nothing in rebinned section for delta_junction file 4's beam 4.
41
8
41
Nothing in rebinned section for delta_junction file 6's beam 1.
Nothing in rebinned section for delta_junction file 6's beam 2.
Nothing in rebinned section for delta_junction file 6's beam 3.
Nothing in rebinned section for delta_junction file 6's beam 4.
135
85
135
Nothing in rebinned section for delta_junction file 7's beam 1.
Nothing in rebinned section for delta_junction file 7's beam 2.
Nothing in rebinned section for delta_junction file 7's beam 3.
Nothing in rebinned section for delta_junction file 7's beam 4.
Nothing in rebinned section for delta_junction file 7's beam 5.
Nothing in rebinned section for delta_junction file 7's beam 6.
../data_store/data/delta_junction/ 7
101
35
66
12
65
3
101
Nothing in rebinned section for delta_junction file 9's beam 1.
Nothing in rebinned section for delta_junction file 9's beam 2.
32
18
27
3
32
Nothing in rebinned section for delta_junction file 10's beam 3.
Nothing in rebinned section for delta_junction file 10's beam 4.
Nothing in rebinned section for delta_junction file 10's beam 5.
Nothing in rebinned section for delta_junction file 10's beam 6.
25
6
25
Nothing in rebinned section for delta_junction file 11's beam 1.
Nothing in rebinned section for delta_junction file 11's beam 2.
2
48
13
48
Nothing in rebinned section for delta_junction file 12's beam 1.
Nothing in rebinned section for delta_junction file 12's beam 2.
Nothing in rebinned section for delta_junction file 12's beam 5.
Nothing in rebinned section for delta_junction file 12's beam 6.
1
1
150
149
120
92
114
95
150
Nothing in rebinned section for delta_junction file 14's beam 5.
Nothing in rebinned section for delta_junction file 14's beam 6.
140
76
6
13
140
Nothing in rebinned section for delta_junction file 15's beam 3.
Nothing in rebinned section for delta_junction file 15's beam 4.
Nothing in rebinned section for delta_junction file 15's beam 5.
Nothing in rebinned section for delta_junction file 15's beam 6.
181
181
181
33
4
119
86
18
35
119
Nothing in rebinned section for delta_junction file 17's beam 1.
Nothing in rebinned section for delta_junction file 17's beam 2.
Nothing in rebinned section for delta_junction file 17's beam 3.
Nothing in rebinned section for delta_junction file 17's beam 4.
Nothing in rebinned section for delta_junction file 17's beam 6.
../data_store/data/delta_junction/ 17
Nothing in rebinned section for delta_junction file 18's beam 5.
Nothing in rebinned section for delta_junction file 18's beam 6.
219
7
114
21
219
Nothing in rebinned section for delta_junction file 19's beam 5.
Nothing in rebinned section for delta_junction file 19's beam 6.
25
7
143
156
156
Nothing in rebinned section for delta_junction file 20's beam 3.
Nothing in rebinned section for delta_junction file 20's beam 5.
Nothing in rebinned section for delta_junction file 20's beam 6.
9
7
1
9
143
88
213
109
143
62
213
Nothing in rebinned section for delta_junction file 22's beam 3.
Nothing in rebinned section for delta_junction file 22's beam 4.
Nothing in rebinned section for delta_junction file 22's beam 5.
Nothing in rebinned section for delta_junction file 22's beam 6.
154
100
154
Nothing in rebinned section for delta_junction file 23's beam 5.
Nothing in rebinned section for delta_junction file 23's beam 6.
217
166
132
136
217
Nothing in rebinned section for delta_junction file 24's beam 5.
Nothing in rebinned section for delta_junction file 24's beam 6.
58
19
120
45
120
Nothing in rebinned section for delta_junction file 25's beam 1.
Nothing in rebinned section for delta_junction file 25's beam 2.
10
3
60
60
Nothing in rebinned section for delta_junction file 26's beam 5.
117
64
103
9
4
117
Nothing in rebinned section for delta_junction file 27's beam 1.
Nothing in rebinned section for delta_junction file 27's beam 2.
Nothing in rebinned section for delta_junction file 27's beam 3.
Nothing in rebinned section for delta_junction file 27's beam 4.
55
18
55
Nothing in rebinned section for delta_junction file 28's beam 1.
Nothing in rebinned section for delta_junction file 28's beam 2.
35
16
111
18
111
Nothing in rebinned section for delta_junction file 29's beam 1.
Nothing in rebinned section for delta_junction file 29's beam 2.
Nothing in rebinned section for delta_junction file 29's beam 3.
Nothing in rebinned section for delta_junction file 29's beam 4.
Nothing in rebinned section for delta_junction file 29's beam 5.
Nothing in rebinned section for delta_junction file 29's beam 6.
../data_store/data/delta_junction/ 29
Nothing in rebinned section for delta_junction file 30's beam 1.
Nothing in rebinned section for delta_junction file 30's beam 2.
Nothing in rebinned section for delta_junction file 30's beam 4.
82
34
82
Nothing in rebinned section for delta_junction file 31's beam 5.
Nothing in rebinned section for delta_junction file 31's beam 6.
208
169
120
98
208
Nothing in rebinned section for delta_junction file 32's beam 5.
Nothing in rebinned section for delta_junction file 32's beam 6.
116
12
79
21
116
Nothing in rebinned section for delta_junction file 33's beam 1.
Nothing in rebinned section for delta_junction file 33's beam 2.
Nothing in rebinned section for delta_junction file 33's beam 4.
12
33
33
Time elapsed: 4396.80 seconds (iteration 33)
162
66
131
81
179
73
179
Nothing in rebinned section for marcell_MN file 1's beam 1.
Nothing in rebinned section for marcell_MN file 1's beam 2.
Nothing in rebinned section for marcell_MN file 1's beam 3.
Nothing in rebinned section for marcell_MN file 1's beam 4.
138
113
138
Nothing in rebinned section for marcell_MN file 2's beam 1.
Nothing in rebinned section for marcell_MN file 2's beam 2.
Nothing in rebinned section for marcell_MN file 2's beam 3.
Nothing in rebinned section for marcell_MN file 2's beam 4.
190
95
190
Nothing in rebinned section for marcell_MN file 3's beam 1.
Nothing in rebinned section for marcell_MN file 3's beam 2.
Nothing in rebinned section for marcell_MN file 3's beam 3.
Nothing in rebinned section for marcell_MN file 3's beam 4.
63
10
63
49
20
64
34
41
32
64
Nothing in rebinned section for marcell_MN file 5's beam 1.
Nothing in rebinned section for marcell_MN file 5's beam 2.
Nothing in rebinned section for marcell_MN file 5's beam 3.
Nothing in rebinned section for marcell_MN file 5's beam 4.
28
1
28
49
15
123
17
32
21
123
81
41
48
5
170
72
170
Nothing in rebinned section for marcell_MN file 8's beam 1.
Nothing in rebinned section for marcell_MN file 8's beam 2.
Nothing in rebinned section for marcell_MN file 8's beam 3.
Nothing in rebinned section for marcell_MN file 8's beam 4.
71
24
71
Nothing in rebinned section for marcell_MN file 9's beam 5.
Nothing in rebinned section for marcell_MN file 9's beam 6.
182
133
127
49
182
Nothing in rebinned section for marcell_MN file 10's beam 1.
Nothing in rebinned section for marcell_MN file 10's beam 2.
Nothing in rebinned section for marcell_MN file 10's beam 3.
Nothing in rebinned section for marcell_MN file 10's beam 4.
Nothing in rebinned section for marcell_MN file 10's beam 5.
Nothing in rebinned section for marcell_MN file 10's beam 6.
../data_store/data/marcell_MN/ 10
Nothing in rebinned section for marcell_MN file 11's beam 1.
Nothing in rebinned section for marcell_MN file 11's beam 2.
Nothing in rebinned section for marcell_MN file 11's beam 3.
Nothing in rebinned section for marcell_MN file 11's beam 4.
Nothing in rebinned section for marcell_MN file 11's beam 6.
2
2
Nothing in rebinned section for marcell_MN file 12's beam 1.
Nothing in rebinned section for marcell_MN file 12's beam 2.
Nothing in rebinned section for marcell_MN file 12's beam 3.
Nothing in rebinned section for marcell_MN file 12's beam 4.
163
64
163
14
14
Nothing in rebinned section for marcell_MN file 14's beam 3.
Nothing in rebinned section for marcell_MN file 14's beam 4.
Nothing in rebinned section for marcell_MN file 14's beam 5.
Nothing in rebinned section for marcell_MN file 14's beam 6.
208
76
208
Nothing in rebinned section for marcell_MN file 15's beam 3.
Nothing in rebinned section for marcell_MN file 15's beam 4.
Nothing in rebinned section for marcell_MN file 15's beam 5.
Nothing in rebinned section for marcell_MN file 15's beam 6.
147
136
147
Nothing in rebinned section for marcell_MN file 16's beam 1.
Nothing in rebinned section for marcell_MN file 16's beam 2.
Nothing in rebinned section for marcell_MN file 16's beam 3.
Nothing in rebinned section for marcell_MN file 16's beam 4.
171
122
171
Nothing in rebinned section for marcell_MN file 17's beam 1.
Nothing in rebinned section for marcell_MN file 17's beam 2.
Nothing in rebinned section for marcell_MN file 17's beam 4.
../data_store/data/marcell_MN/ 17
Nothing in rebinned section for marcell_MN file 18's beam 1.
Nothing in rebinned section for marcell_MN file 18's beam 2.
Nothing in rebinned section for marcell_MN file 18's beam 4.
16
47
7
47
Nothing in rebinned section for marcell_MN file 19's beam 1.
Nothing in rebinned section for marcell_MN file 19's beam 2.
../data_store/data/marcell_MN/ 19
90
7
53
14
58
4
90
169
123
164
114
97
72
169
Nothing in rebinned section for marcell_MN file 22's beam 1.
Nothing in rebinned section for marcell_MN file 22's beam 2.
Nothing in rebinned section for marcell_MN file 22's beam 3.
Nothing in rebinned section for marcell_MN file 22's beam 4.
10
4
10
Nothing in rebinned section for marcell_MN file 23's beam 2.
Nothing in rebinned section for marcell_MN file 23's beam 3.
Nothing in rebinned section for marcell_MN file 23's beam 4.
Nothing in rebinned section for marcell_MN file 23's beam 5.
Nothing in rebinned section for marcell_MN file 23's beam 6.
../data_store/data/marcell_MN/ 23
Nothing in rebinned section for marcell_MN file 24's beam 1.
Nothing in rebinned section for marcell_MN file 24's beam 2.
168
79
164
74
168
105
47
100
20
76
35
105
Nothing in rebinned section for marcell_MN file 26's beam 5.
Nothing in rebinned section for marcell_MN file 26's beam 6.
63
3
60
8
63
Time elapsed: 2275.39 seconds (iteration 26)
Nothing in rebinned section for lacclair file 0's beam 1.
Nothing in rebinned section for lacclair file 0's beam 2.
Nothing in rebinned section for lacclair file 0's beam 3.
Nothing in rebinned section for lacclair file 0's beam 4.
Nothing in rebinned section for lacclair file 0's beam 5.
Nothing in rebinned section for lacclair file 0's beam 6.
../data_store/data/lacclair/ 0
Nothing in rebinned section for lacclair file 1's beam 5.
Nothing in rebinned section for lacclair file 1's beam 6.
219
98
128
17
219
Nothing in rebinned section for lacclair file 2's beam 3.
Nothing in rebinned section for lacclair file 2's beam 4.
Nothing in rebinned section for lacclair file 2's beam 5.
Nothing in rebinned section for lacclair file 2's beam 6.
101
101
Nothing in rebinned section for lacclair file 3's beam 1.
Nothing in rebinned section for lacclair file 3's beam 2.
6
18
18
Nothing in rebinned section for lacclair file 4's beam 5.
Nothing in rebinned section for lacclair file 4's beam 6.
188
129
111
100
188
Nothing in rebinned section for lacclair file 5's beam 1.
Nothing in rebinned section for lacclair file 5's beam 2.
56
33
118
42
118
Nothing in rebinned section for lacclair file 6's beam 2.
Nothing in rebinned section for lacclair file 6's beam 3.
Nothing in rebinned section for lacclair file 6's beam 4.
Nothing in rebinned section for lacclair file 6's beam 5.
Nothing in rebinned section for lacclair file 6's beam 6.
2
2
Nothing in rebinned section for lacclair file 7's beam 1.
Nothing in rebinned section for lacclair file 7's beam 2.
Nothing in rebinned section for lacclair file 7's beam 3.
Nothing in rebinned section for lacclair file 7's beam 4.
../data_store/data/lacclair/ 7
Nothing in rebinned section for lacclair file 8's beam 1.
Nothing in rebinned section for lacclair file 8's beam 2.
Nothing in rebinned section for lacclair file 8's beam 3.
Nothing in rebinned section for lacclair file 8's beam 4.
Nothing in rebinned section for lacclair file 8's beam 5.
Nothing in rebinned section for lacclair file 8's beam 6.
../data_store/data/lacclair/ 8
Nothing in rebinned section for lacclair file 9's beam 3.
Nothing in rebinned section for lacclair file 9's beam 4.
Nothing in rebinned section for lacclair file 9's beam 5.
Nothing in rebinned section for lacclair file 9's beam 6.
57
1
57
73
36
146
126
62
53
146
Nothing in rebinned section for lacclair file 11's beam 1.
Nothing in rebinned section for lacclair file 11's beam 2.
Nothing in rebinned section for lacclair file 11's beam 3.
Nothing in rebinned section for lacclair file 11's beam 4.
../data_store/data/lacclair/ 11
Nothing in rebinned section for lacclair file 12's beam 1.
Nothing in rebinned section for lacclair file 12's beam 2.
34
12
164
75
164
Nothing in rebinned section for lacclair file 13's beam 1.
Nothing in rebinned section for lacclair file 13's beam 2.
Nothing in rebinned section for lacclair file 13's beam 3.
Nothing in rebinned section for lacclair file 13's beam 4.
Nothing in rebinned section for lacclair file 13's beam 5.
Nothing in rebinned section for lacclair file 13's beam 6.
../data_store/data/lacclair/ 13
Nothing in rebinned section for lacclair file 14's beam 1.
Nothing in rebinned section for lacclair file 14's beam 2.
56
28
120
67
120
4
4
Nothing in rebinned section for lacclair file 16's beam 3.
Nothing in rebinned section for lacclair file 16's beam 4.
Nothing in rebinned section for lacclair file 16's beam 5.
Nothing in rebinned section for lacclair file 16's beam 6.
45
19
45
Nothing in rebinned section for lacclair file 17's beam 1.
Nothing in rebinned section for lacclair file 17's beam 2.
Nothing in rebinned section for lacclair file 17's beam 3.
Nothing in rebinned section for lacclair file 17's beam 4.
Nothing in rebinned section for lacclair file 17's beam 5.
Nothing in rebinned section for lacclair file 17's beam 6.
../data_store/data/lacclair/ 17
Nothing in rebinned section for lacclair file 18's beam 1.
Nothing in rebinned section for lacclair file 18's beam 2.
Nothing in rebinned section for lacclair file 18's beam 4.
50
14
50
Nothing in rebinned section for lacclair file 19's beam 1.
Nothing in rebinned section for lacclair file 19's beam 2.
Nothing in rebinned section for lacclair file 19's beam 3.
Nothing in rebinned section for lacclair file 19's beam 4.
Nothing in rebinned section for lacclair file 19's beam 5.
Nothing in rebinned section for lacclair file 19's beam 6.
../data_store/data/lacclair/ 19
Nothing in rebinned section for lacclair file 20's beam 1.
Nothing in rebinned section for lacclair file 20's beam 2.
Nothing in rebinned section for lacclair file 20's beam 3.
Nothing in rebinned section for lacclair file 20's beam 4.
31
31
Nothing in rebinned section for lacclair file 21's beam 1.
Nothing in rebinned section for lacclair file 21's beam 2.
Nothing in rebinned section for lacclair file 21's beam 3.
Nothing in rebinned section for lacclair file 21's beam 4.
8
8
Nothing in rebinned section for lacclair file 22's beam 5.
Nothing in rebinned section for lacclair file 22's beam 6.
181
131
91
63
181
Nothing in rebinned section for lacclair file 23's beam 1.
Nothing in rebinned section for lacclair file 23's beam 2.
85
34
121
41
121
Time elapsed: 2070.92 seconds (iteration 23)
Nothing in rebinned section for torgnon file 0's beam 5.
Nothing in rebinned section for torgnon file 0's beam 6.
12
14
35
43
43
Nothing in rebinned section for torgnon file 1's beam 5.
Nothing in rebinned section for torgnon file 1's beam 6.
2
35
25
35
29
7
6
3
29
Nothing in rebinned section for torgnon file 3's beam 5.
Nothing in rebinned section for torgnon file 3's beam 6.
8
15
8
15
Nothing in rebinned section for torgnon file 4's beam 1.
Nothing in rebinned section for torgnon file 4's beam 2.
20
24
2
24
Nothing in rebinned section for torgnon file 5's beam 1.
Nothing in rebinned section for torgnon file 5's beam 2.
Nothing in rebinned section for torgnon file 5's beam 3.
Nothing in rebinned section for torgnon file 5's beam 4.
Nothing in rebinned section for torgnon file 5's beam 5.
Nothing in rebinned section for torgnon file 5's beam 6.
../data_store/data/torgnon/ 5
Nothing in rebinned section for torgnon file 6's beam 5.
Nothing in rebinned section for torgnon file 6's beam 6.
12
12
Nothing in rebinned section for torgnon file 7's beam 3.
Nothing in rebinned section for torgnon file 7's beam 4.
Nothing in rebinned section for torgnon file 7's beam 5.
Nothing in rebinned section for torgnon file 7's beam 6.
15
30
30
Nothing in rebinned section for torgnon file 8's beam 3.
Nothing in rebinned section for torgnon file 8's beam 4.
Nothing in rebinned section for torgnon file 8's beam 5.
Nothing in rebinned section for torgnon file 8's beam 6.
42
20
42
Nothing in rebinned section for torgnon file 9's beam 1.
Nothing in rebinned section for torgnon file 9's beam 2.
3
1
3
Nothing in rebinned section for torgnon file 10's beam 1.
Nothing in rebinned section for torgnon file 10's beam 2.
Nothing in rebinned section for torgnon file 10's beam 3.
Nothing in rebinned section for torgnon file 10's beam 4.
43
25
43
Nothing in rebinned section for torgnon file 11's beam 5.
Nothing in rebinned section for torgnon file 11's beam 6.
7
15
7
15
1
20
8
20
Nothing in rebinned section for torgnon file 13's beam 3.
Nothing in rebinned section for torgnon file 13's beam 4.
Nothing in rebinned section for torgnon file 13's beam 5.
Nothing in rebinned section for torgnon file 13's beam 6.
../data_store/data/torgnon/ 13
Nothing in rebinned section for torgnon file 14's beam 1.
Nothing in rebinned section for torgnon file 14's beam 2.
Nothing in rebinned section for torgnon file 14's beam 3.
Nothing in rebinned section for torgnon file 14's beam 4.
4
4
Nothing in rebinned section for torgnon file 15's beam 1.
Nothing in rebinned section for torgnon file 15's beam 2.
9
5
9
Nothing in rebinned section for torgnon file 16's beam 5.
Nothing in rebinned section for torgnon file 16's beam 6.
14
14
Nothing in rebinned section for torgnon file 17's beam 5.
Nothing in rebinned section for torgnon file 17's beam 6.
6
16
9
16
Nothing in rebinned section for torgnon file 18's beam 1.
Nothing in rebinned section for torgnon file 18's beam 2.
15
45
1
45
Nothing in rebinned section for torgnon file 19's beam 3.
Nothing in rebinned section for torgnon file 19's beam 4.
Nothing in rebinned section for torgnon file 19's beam 5.
Nothing in rebinned section for torgnon file 19's beam 6.
../data_store/data/torgnon/ 19
Nothing in rebinned section for torgnon file 20's beam 1.
Nothing in rebinned section for torgnon file 20's beam 2.
Nothing in rebinned section for torgnon file 20's beam 3.
Nothing in rebinned section for torgnon file 20's beam 4.
46
14
46
Nothing in rebinned section for torgnon file 21's beam 1.
Nothing in rebinned section for torgnon file 21's beam 2.
66
24
66
Nothing in rebinned section for torgnon file 22's beam 5.
Nothing in rebinned section for torgnon file 22's beam 6.
4
31
13
31
Nothing in rebinned section for torgnon file 23's beam 1.
Nothing in rebinned section for torgnon file 23's beam 2.
25
45
45
Nothing in rebinned section for torgnon file 24's beam 3.
Nothing in rebinned section for torgnon file 24's beam 4.
Nothing in rebinned section for torgnon file 24's beam 5.
Nothing in rebinned section for torgnon file 24's beam 6.
24
4
24
Nothing in rebinned section for torgnon file 25's beam 1.
Nothing in rebinned section for torgnon file 25's beam 2.
Nothing in rebinned section for torgnon file 25's beam 4.
Nothing in rebinned section for torgnon file 25's beam 5.
Nothing in rebinned section for torgnon file 25's beam 6.
../data_store/data/torgnon/ 25
Nothing in rebinned section for torgnon file 26's beam 2.
1
50
14
50
Nothing in rebinned section for torgnon file 27's beam 1.
Nothing in rebinned section for torgnon file 27's beam 2.
Nothing in rebinned section for torgnon file 27's beam 3.
Nothing in rebinned section for torgnon file 27's beam 4.
32
3
32
Nothing in rebinned section for torgnon file 28's beam 1.
Nothing in rebinned section for torgnon file 28's beam 2.
Nothing in rebinned section for torgnon file 28's beam 3.
Nothing in rebinned section for torgnon file 28's beam 4.
Nothing in rebinned section for torgnon file 28's beam 6.
../data_store/data/torgnon/ 28
Nothing in rebinned section for torgnon file 29's beam 5.
Nothing in rebinned section for torgnon file 29's beam 6.
38
17
35
24
38
Nothing in rebinned section for torgnon file 30's beam 1.
Nothing in rebinned section for torgnon file 30's beam 2.
15
17
17
Nothing in rebinned section for torgnon file 31's beam 5.
Nothing in rebinned section for torgnon file 31's beam 6.
2
55
8
55
Time elapsed: 3953.87 seconds (iteration 31)
Nothing in rebinned section for oregon_yp file 0's beam 1.
Nothing in rebinned section for oregon_yp file 0's beam 2.
173
57
196
92
196
Nothing in rebinned section for oregon_yp file 1's beam 1.
Nothing in rebinned section for oregon_yp file 1's beam 2.
Nothing in rebinned section for oregon_yp file 1's beam 3.
Nothing in rebinned section for oregon_yp file 1's beam 4.
Nothing in rebinned section for oregon_yp file 1's beam 5.
Nothing in rebinned section for oregon_yp file 1's beam 6.
../data_store/data/oregon_yp/ 1
Nothing in rebinned section for oregon_yp file 2's beam 1.
Nothing in rebinned section for oregon_yp file 2's beam 2.
Nothing in rebinned section for oregon_yp file 2's beam 3.
Nothing in rebinned section for oregon_yp file 2's beam 4.
149
4
149
Nothing in rebinned section for oregon_yp file 3's beam 3.
Nothing in rebinned section for oregon_yp file 3's beam 4.
Nothing in rebinned section for oregon_yp file 3's beam 5.
Nothing in rebinned section for oregon_yp file 3's beam 6.
146
2
146
Nothing in rebinned section for oregon_yp file 4's beam 1.
Nothing in rebinned section for oregon_yp file 4's beam 2.
Nothing in rebinned section for oregon_yp file 4's beam 3.
Nothing in rebinned section for oregon_yp file 4's beam 4.
Nothing in rebinned section for oregon_yp file 4's beam 5.
Nothing in rebinned section for oregon_yp file 4's beam 6.
../data_store/data/oregon_yp/ 4
Nothing in rebinned section for oregon_yp file 5's beam 1.
Nothing in rebinned section for oregon_yp file 5's beam 2.
Nothing in rebinned section for oregon_yp file 5's beam 3.
Nothing in rebinned section for oregon_yp file 5's beam 4.
202
32
202
Nothing in rebinned section for oregon_yp file 6's beam 3.
Nothing in rebinned section for oregon_yp file 6's beam 4.
Nothing in rebinned section for oregon_yp file 6's beam 5.
Nothing in rebinned section for oregon_yp file 6's beam 6.
51
9
51
Nothing in rebinned section for oregon_yp file 7's beam 1.
Nothing in rebinned section for oregon_yp file 7's beam 2.
Nothing in rebinned section for oregon_yp file 7's beam 3.
Nothing in rebinned section for oregon_yp file 7's beam 4.
../data_store/data/oregon_yp/ 7
Nothing in rebinned section for oregon_yp file 8's beam 3.
Nothing in rebinned section for oregon_yp file 8's beam 4.
Nothing in rebinned section for oregon_yp file 8's beam 5.
Nothing in rebinned section for oregon_yp file 8's beam 6.
88
25
88
Nothing in rebinned section for oregon_yp file 9's beam 1.
Nothing in rebinned section for oregon_yp file 9's beam 2.
78
128
10
128
Nothing in rebinned section for oregon_yp file 10's beam 1.
Nothing in rebinned section for oregon_yp file 10's beam 2.
Nothing in rebinned section for oregon_yp file 10's beam 3.
Nothing in rebinned section for oregon_yp file 10's beam 4.
180
74
180
Nothing in rebinned section for oregon_yp file 11's beam 1.
Nothing in rebinned section for oregon_yp file 11's beam 2.
61
10
222
139
222
Nothing in rebinned section for oregon_yp file 12's beam 1.
Nothing in rebinned section for oregon_yp file 12's beam 2.
Nothing in rebinned section for oregon_yp file 12's beam 3.
Nothing in rebinned section for oregon_yp file 12's beam 4.
102
23
102
Nothing in rebinned section for oregon_yp file 13's beam 1.
Nothing in rebinned section for oregon_yp file 13's beam 2.
157
17
175
4
175
77
7
169
19
186
33
186
Nothing in rebinned section for oregon_yp file 15's beam 3.
Nothing in rebinned section for oregon_yp file 15's beam 4.
Nothing in rebinned section for oregon_yp file 15's beam 5.
Nothing in rebinned section for oregon_yp file 15's beam 6.
192
94
192
Nothing in rebinned section for oregon_yp file 16's beam 1.
Nothing in rebinned section for oregon_yp file 16's beam 2.
Nothing in rebinned section for oregon_yp file 16's beam 3.
Nothing in rebinned section for oregon_yp file 16's beam 4.
Nothing in rebinned section for oregon_yp file 16's beam 5.
Nothing in rebinned section for oregon_yp file 16's beam 6.
../data_store/data/oregon_yp/ 16
Nothing in rebinned section for oregon_yp file 17's beam 1.
Nothing in rebinned section for oregon_yp file 17's beam 2.
Nothing in rebinned section for oregon_yp file 17's beam 5.
Nothing in rebinned section for oregon_yp file 17's beam 6.
94
28
94
Nothing in rebinned section for oregon_yp file 18's beam 1.
Nothing in rebinned section for oregon_yp file 18's beam 2.
Nothing in rebinned section for oregon_yp file 18's beam 3.
Nothing in rebinned section for oregon_yp file 18's beam 4.
155
50
155
Nothing in rebinned section for oregon_yp file 19's beam 1.
Nothing in rebinned section for oregon_yp file 19's beam 2.
Nothing in rebinned section for oregon_yp file 19's beam 3.
Nothing in rebinned section for oregon_yp file 19's beam 4.
88
2
88
20
26
6
59
7
59
142
123
134
11
142
Nothing in rebinned section for oregon_yp file 22's beam 2.
Nothing in rebinned section for oregon_yp file 22's beam 3.
Nothing in rebinned section for oregon_yp file 22's beam 4.
Nothing in rebinned section for oregon_yp file 22's beam 5.
Nothing in rebinned section for oregon_yp file 22's beam 6.
53
53
Nothing in rebinned section for oregon_yp file 23's beam 1.
Nothing in rebinned section for oregon_yp file 23's beam 2.
Nothing in rebinned section for oregon_yp file 23's beam 3.
Nothing in rebinned section for oregon_yp file 23's beam 4.
Nothing in rebinned section for oregon_yp file 23's beam 5.
Nothing in rebinned section for oregon_yp file 23's beam 6.
../data_store/data/oregon_yp/ 23
Nothing in rebinned section for oregon_yp file 24's beam 1.
Nothing in rebinned section for oregon_yp file 24's beam 2.
71
12
123
51
123
Nothing in rebinned section for oregon_yp file 25's beam 1.
Nothing in rebinned section for oregon_yp file 25's beam 2.
88
41
226
116
226
Nothing in rebinned section for oregon_yp file 26's beam 1.
Nothing in rebinned section for oregon_yp file 26's beam 2.
Nothing in rebinned section for oregon_yp file 26's beam 3.
Nothing in rebinned section for oregon_yp file 26's beam 4.
Nothing in rebinned section for oregon_yp file 26's beam 5.
Nothing in rebinned section for oregon_yp file 26's beam 6.
../data_store/data/oregon_yp/ 26
Nothing in rebinned section for oregon_yp file 27's beam 1.
Nothing in rebinned section for oregon_yp file 27's beam 2.
Nothing in rebinned section for oregon_yp file 27's beam 3.
Nothing in rebinned section for oregon_yp file 27's beam 4.
Nothing in rebinned section for oregon_yp file 27's beam 5.
Nothing in rebinned section for oregon_yp file 27's beam 6.
../data_store/data/oregon_yp/ 27
Nothing in rebinned section for oregon_yp file 28's beam 5.
Nothing in rebinned section for oregon_yp file 28's beam 6.
160
34
100
36
160
Nothing in rebinned section for oregon_yp file 29's beam 1.
Nothing in rebinned section for oregon_yp file 29's beam 2.
176
72
210
89
210
Time elapsed: 4317.21 seconds (iteration 29)
Dataframe saved to dataset_landcover_forest_22.pkl
